<?xml version="1.0" encoding="UTF-8" ?>
<testsuite tests="120" failures="0" name="test.java.detectcreditcardtype.FetchCreditCardDetailsTest" time="0.059" errors="0" skipped="0">
  <properties>
[...]
</properties>
  <testcase classname="test.java.detectcreditcardtype.FetchCreditCardDetailsTest" name="allParametersSane[0: creditCard(4) should be of type VISA]" time="0.007"/>
  <testcase classname="test.java.detectcreditcardtype.FetchCreditCardDetailsTest" name="testForCardNumber[0: creditCard(4) should be of type VISA]" time="0.004"/>
  <testcase classname="test.java.detectcreditcardtype.FetchCreditCardDetailsTest" name="testForIncrementingNumbers[0: creditCard(4) should be of type VISA]" time="0.001"/>
  <testcase classname="test.java.detectcreditcardtype.FetchCreditCardDetailsTest" name="allParametersSane[1: creditCard(411) should be of type VISA]" time="0.001"/>
  <testcase classname="test.java.detectcreditcardtype.FetchCreditCardDetailsTest" name="testForCardNumber[1: creditCard(411) should be of type VISA]" time="0"/>
  <testcase classname="test.java.detectcreditcardtype.FetchCreditCardDetailsTest" name="testForIncrementingNumbers[1: creditCard(411) should be of type VISA]" time="0.001"/>
  <testcase classname="test.java.detectcreditcardtype.FetchCreditCardDetailsTest" name="allParametersSane[2: creditCard(4111111111111111) should be of type VISA]" time="0.001"/>
  <testcase classname="test.java.detectcreditcardtype.FetchCreditCardDetailsTest" name="testForCardNumber[2: creditCard(4111111111111111) should be of type VISA]" time="0"/>
  <testcase classname="test.java.detectcreditcardtype.FetchCreditCardDetailsTest" name="testForIncrementingNumbers[2: creditCard(4111111111111111) should be of type VISA]" time="0.001"/>
  <testcase classname="test.java.detectcreditcardtype.FetchCreditCardDetailsTest" name="allParametersSane[3: creditCard(4012888888881881) should be of type VISA]" time="0.001"/>
  <testcase classname="test.java.detectcreditcardtype.FetchCreditCardDetailsTest" name="testForCardNumber[3: creditCard(4012888888881881) should be of type VISA]" time="0.001"/>
  <testcase classname="test.java.detectcreditcardtype.FetchCreditCardDetailsTest" name="testForIncrementingNumbers[3: creditCard(4012888888881881) should be of type VISA]" time="0"/>
  <testcase classname="test.java.detectcreditcardtype.FetchCreditCardDetailsTest" name="allParametersSane[4: creditCard(4222222222222) should be of type VISA]" time="0"/>
  <testcase classname="test.java.detectcreditcardtype.FetchCreditCardDetailsTest" name="testForCardNumber[4: creditCard(4222222222222) should be of type VISA]" time="0.001"/>
  <testcase classname="test.java.detectcreditcardtype.FetchCreditCardDetailsTest" name="testForIncrementingNumbers[4: creditCard(4222222222222) should be of type VISA]" time="0"/>
  <testcase classname="test.java.detectcreditcardtype.FetchCreditCardDetailsTest" name="allParametersSane[5: creditCard(2221) should be of type MASTERCARD]" time="0.001"/>
  <testcase classname="test.java.detectcreditcardtype.FetchCreditCardDetailsTest" name="testForCardNumber[5: creditCard(2221) should be of type MASTERCARD]" time="0"/>
  <testcase classname="test.java.detectcreditcardtype.FetchCreditCardDetailsTest" name="testForIncrementingNumbers[5: creditCard(2221) should be of type MASTERCARD]" time="0"/>
  <testcase classname="test.java.detectcreditcardtype.FetchCreditCardDetailsTest" name="allParametersSane[6: creditCard(2222) should be of type MASTERCARD]" time="0.001"/>
  <testcase classname="test.java.detectcreditcardtype.FetchCreditCardDetailsTest" name="testForCardNumber[6: creditCard(2222) should be of type MASTERCARD]" time="0"/>
  <testcase classname="test.java.detectcreditcardtype.FetchCreditCardDetailsTest" name="testForIncrementingNumbers[6: creditCard(2222) should be of type MASTERCARD]" time="0"/>
  <testcase classname="test.java.detectcreditcardtype.FetchCreditCardDetailsTest" name="allParametersSane[7: creditCard(5555555555554444) should be of type MASTERCARD]" time="0.002"/>
  <testcase classname="test.java.detectcreditcardtype.FetchCreditCardDetailsTest" name="testForCardNumber[7: creditCard(5555555555554444) should be of type MASTERCARD]" time="0"/>
  <testcase classname="test.java.detectcreditcardtype.FetchCreditCardDetailsTest" name="testForIncrementingNumbers[7: creditCard(5555555555554444) should be of type MASTERCARD]" time="0.001"/>
  <testcase classname="test.java.detectcreditcardtype.FetchCreditCardDetailsTest" name="allParametersSane[8: creditCard(5454545454545454) should be of type MASTERCARD]" time="0.001"/>
  <testcase classname="test.java.detectcreditcardtype.FetchCreditCardDetailsTest" name="testForCardNumber[8: creditCard(5454545454545454) should be of type MASTERCARD]" time="0"/>
  <testcase classname="test.java.detectcreditcardtype.FetchCreditCardDetailsTest" name="testForIncrementingNumbers[8: creditCard(5454545454545454) should be of type MASTERCARD]" time="0.001"/>
  <testcase classname="test.java.detectcreditcardtype.FetchCreditCardDetailsTest" name="allParametersSane[9: creditCard(5105105105105100) should be of type MASTERCARD]" time="0.001"/>
  <testcase classname="test.java.detectcreditcardtype.FetchCreditCardDetailsTest" name="testForCardNumber[9: creditCard(5105105105105100) should be of type MASTERCARD]" time="0"/>
  <testcase classname="test.java.detectcreditcardtype.FetchCreditCardDetailsTest" name="testForIncrementingNumbers[9: creditCard(5105105105105100) should be of type MASTERCARD]" time="0.001"/>
  <testcase classname="test.java.detectcreditcardtype.FetchCreditCardDetailsTest" name="allParametersSane[10: creditCard(2221000000000009) should be of type MASTERCARD]" time="0.001"/>
  <testcase classname="test.java.detectcreditcardtype.FetchCreditCardDetailsTest" name="testForCardNumber[10: creditCard(2221000000000009) should be of type MASTERCARD]" time="0"/>
  <testcase classname="test.java.detectcreditcardtype.FetchCreditCardDetailsTest" name="testForIncrementingNumbers[10: creditCard(2221000000000009) should be of type MASTERCARD]" time="0.001"/>
  <testcase classname="test.java.detectcreditcardtype.FetchCreditCardDetailsTest" name="allParametersSane[11: creditCard(5255419980535069) should be of type MASTERCARD]" time="0.001"/>
  <testcase classname="test.java.detectcreditcardtype.FetchCreditCardDetailsTest" name="testForCardNumber[11: creditCard(5255419980535069) should be of type MASTERCARD]" time="0.001"/>
  <testcase classname="test.java.detectcreditcardtype.FetchCreditCardDetailsTest" name="testForIncrementingNumbers[11: creditCard(5255419980535069) should be of type MASTERCARD]" time="0"/>
  <testcase classname="test.java.detectcreditcardtype.FetchCreditCardDetailsTest" name="allParametersSane[12: creditCard(5325179932240400) should be of type MASTERCARD]" time="0"/>
  <testcase classname="test.java.detectcreditcardtype.FetchCreditCardDetailsTest" name="testForCardNumber[12: creditCard(5325179932240400) should be of type MASTERCARD]" time="0"/>
  <testcase classname="test.java.detectcreditcardtype.FetchCreditCardDetailsTest" name="testForIncrementingNumbers[12: creditCard(5325179932240400) should be of type MASTERCARD]" time="0"/>
  <testcase classname="test.java.detectcreditcardtype.FetchCreditCardDetailsTest" name="allParametersSane[13: creditCard(5281787130587299) should be of type MASTERCARD]" time="0.002"/>
  <testcase classname="test.java.detectcreditcardtype.FetchCreditCardDetailsTest" name="testForCardNumber[13: creditCard(5281787130587299) should be of type MASTERCARD]" time="0"/>
  <testcase classname="test.java.detectcreditcardtype.FetchCreditCardDetailsTest" name="testForIncrementingNumbers[13: creditCard(5281787130587299) should be of type MASTERCARD]" time="0"/>
  <testcase classname="test.java.detectcreditcardtype.FetchCreditCardDetailsTest" name="allParametersSane[14: creditCard(347138769411265) should be of type AMEX]" time="0.001"/>
  <testcase classname="test.java.detectcreditcardtype.FetchCreditCardDetailsTest" name="testForCardNumber[14: creditCard(347138769411265) should be of type AMEX]" time="0"/>
  <testcase classname="test.java.detectcreditcardtype.FetchCreditCardDetailsTest" name="testForIncrementingNumbers[14: creditCard(347138769411265) should be of type AMEX]" time="0.001"/>
  <testcase classname="test.java.detectcreditcardtype.FetchCreditCardDetailsTest" name="allParametersSane[15: creditCard(375058920411332) should be of type AMEX]" time="0.001"/>
  <testcase classname="test.java.detectcreditcardtype.FetchCreditCardDetailsTest" name="testForCardNumber[15: creditCard(375058920411332) should be of type AMEX]" time="0.001"/>
  <testcase classname="test.java.detectcreditcardtype.FetchCreditCardDetailsTest" name="testForIncrementingNumbers[15: creditCard(375058920411332) should be of type AMEX]" time="0.001"/>
  <testcase classname="test.java.detectcreditcardtype.FetchCreditCardDetailsTest" name="allParametersSane[16: creditCard(39) should be of type DINERS_CLUB]" time="0.001"/>
  <testcase classname="test.java.detectcreditcardtype.FetchCreditCardDetailsTest" name="testForCardNumber[16: creditCard(39) should be of type DINERS_CLUB]" time="0"/>
  <testcase classname="test.java.detectcreditcardtype.FetchCreditCardDetailsTest" name="testForIncrementingNumbers[16: creditCard(39) should be of type DINERS_CLUB]" time="0"/>
  <testcase classname="test.java.detectcreditcardtype.FetchCreditCardDetailsTest" name="allParametersSane[17: creditCard(30569309025904) should be of type DINERS_CLUB]" time="0.001"/>
  <testcase classname="test.java.detectcreditcardtype.FetchCreditCardDetailsTest" name="testForCardNumber[17: creditCard(30569309025904) should be of type DINERS_CLUB]" time="0"/>
  <testcase classname="test.java.detectcreditcardtype.FetchCreditCardDetailsTest" name="testForIncrementingNumbers[17: creditCard(30569309025904) should be of type DINERS_CLUB]" time="0"/>
  <testcase classname="test.java.detectcreditcardtype.FetchCreditCardDetailsTest" name="allParametersSane[18: creditCard(6) should be of type DISCOVER]" time="0.001"/>
  <testcase classname="test.java.detectcreditcardtype.FetchCreditCardDetailsTest" name="testForCardNumber[18: creditCard(6) should be of type DISCOVER]" time="0"/>
  <testcase classname="test.java.detectcreditcardtype.FetchCreditCardDetailsTest" name="testForIncrementingNumbers[18: creditCard(6) should be of type DISCOVER]" time="0"/>
  <testcase classname="test.java.detectcreditcardtype.FetchCreditCardDetailsTest" name="allParametersSane[19: creditCard(6011000400000000) should be of type DISCOVER]" time="0.001"/>
  <testcase classname="test.java.detectcreditcardtype.FetchCreditCardDetailsTest" name="testForCardNumber[19: creditCard(6011000400000000) should be of type DISCOVER]" time="0"/>
  <testcase classname="test.java.detectcreditcardtype.FetchCreditCardDetailsTest" name="testForIncrementingNumbers[19: creditCard(6011000400000000) should be of type DISCOVER]" time="0"/>
  <testcase classname="test.java.detectcreditcardtype.FetchCreditCardDetailsTest" name="allParametersSane[20: creditCard(6011111111111117) should be of type DISCOVER]" time="0.001"/>
  <testcase classname="test.java.detectcreditcardtype.FetchCreditCardDetailsTest" name="testForCardNumber[20: creditCard(6011111111111117) should be of type DISCOVER]" time="0"/>
  <testcase classname="test.java.detectcreditcardtype.FetchCreditCardDetailsTest" name="testForIncrementingNumbers[20: creditCard(6011111111111117) should be of type DISCOVER]" time="0"/>
  <testcase classname="test.java.detectcreditcardtype.FetchCreditCardDetailsTest" name="allParametersSane[21: creditCard(6011000990139424) should be of type DISCOVER]" time="0"/>
  <testcase classname="test.java.detectcreditcardtype.FetchCreditCardDetailsTest" name="testForCardNumber[21: creditCard(6011000990139424) should be of type DISCOVER]" time="0"/>
  <testcase classname="test.java.detectcreditcardtype.FetchCreditCardDetailsTest" name="testForIncrementingNumbers[21: creditCard(6011000990139424) should be of type DISCOVER]" time="0.001"/>
  <testcase classname="test.java.detectcreditcardtype.FetchCreditCardDetailsTest" name="allParametersSane[22: creditCard(6011419210574576) should be of type DISCOVER]" time="0.001"/>
  <testcase classname="test.java.detectcreditcardtype.FetchCreditCardDetailsTest" name="testForCardNumber[22: creditCard(6011419210574576) should be of type DISCOVER]" time="0"/>
  <testcase classname="test.java.detectcreditcardtype.FetchCreditCardDetailsTest" name="testForIncrementingNumbers[22: creditCard(6011419210574576) should be of type DISCOVER]" time="0"/>
  <testcase classname="test.java.detectcreditcardtype.FetchCreditCardDetailsTest" name="allParametersSane[23: creditCard(6221258812340000) should be of type UNIONPAY]" time="0.001"/>
  <testcase classname="test.java.detectcreditcardtype.FetchCreditCardDetailsTest" name="testForCardNumber[23: creditCard(6221258812340000) should be of type UNIONPAY]" time="0"/>
  <testcase classname="test.java.detectcreditcardtype.FetchCreditCardDetailsTest" name="testForIncrementingNumbers[23: creditCard(6221258812340000) should be of type UNIONPAY]" time="0.001"/>
  <testcase classname="test.java.detectcreditcardtype.FetchCreditCardDetailsTest" name="allParametersSane[24: creditCard(6221260000000000) should be of type UNIONPAY]" time="0"/>
  <testcase classname="test.java.detectcreditcardtype.FetchCreditCardDetailsTest" name="testForCardNumber[24: creditCard(6221260000000000) should be of type UNIONPAY]" time="0"/>
  <testcase classname="test.java.detectcreditcardtype.FetchCreditCardDetailsTest" name="testForIncrementingNumbers[24: creditCard(6221260000000000) should be of type UNIONPAY]" time="0.001"/>
  <testcase classname="test.java.detectcreditcardtype.FetchCreditCardDetailsTest" name="allParametersSane[25: creditCard(6) should be of type UNIONPAY]" time="0"/>
  <testcase classname="test.java.detectcreditcardtype.FetchCreditCardDetailsTest" name="testForCardNumber[25: creditCard(6) should be of type UNIONPAY]" time="0"/>
  <testcase classname="test.java.detectcreditcardtype.FetchCreditCardDetailsTest" name="testForIncrementingNumbers[25: creditCard(6) should be of type UNIONPAY]" time="0.001"/>
  <testcase classname="test.java.detectcreditcardtype.FetchCreditCardDetailsTest" name="allParametersSane[26: creditCard(62) should be of type UNIONPAY]" time="0"/>
  <testcase classname="test.java.detectcreditcardtype.FetchCreditCardDetailsTest" name="testForCardNumber[26: creditCard(62) should be of type UNIONPAY]" time="0.001"/>
  <testcase classname="test.java.detectcreditcardtype.FetchCreditCardDetailsTest" name="testForIncrementingNumbers[26: creditCard(62) should be of type UNIONPAY]" time="0"/>
  <testcase classname="test.java.detectcreditcardtype.FetchCreditCardDetailsTest" name="allParametersSane[27: creditCard(6221260000000000000) should be of type UNIONPAY]" time="0"/>
  <testcase classname="test.java.detectcreditcardtype.FetchCreditCardDetailsTest" name="testForCardNumber[27: creditCard(6221260000000000000) should be of type UNIONPAY]" time="0.001"/>
  <testcase classname="test.java.detectcreditcardtype.FetchCreditCardDetailsTest" name="testForIncrementingNumbers[27: creditCard(6221260000000000000) should be of type UNIONPAY]" time="0"/>
  <testcase classname="test.java.detectcreditcardtype.FetchCreditCardDetailsTest" name="allParametersSane[28: creditCard(6222000000000000) should be of type UNIONPAY]" time="0.001"/>
  <testcase classname="test.java.detectcreditcardtype.FetchCreditCardDetailsTest" name="testForCardNumber[28: creditCard(6222000000000000) should be of type UNIONPAY]" time="0"/>
  <testcase classname="test.java.detectcreditcardtype.FetchCreditCardDetailsTest" name="testForIncrementingNumbers[28: creditCard(6222000000000000) should be of type UNIONPAY]" time="0"/>
  <testcase classname="test.java.detectcreditcardtype.FetchCreditCardDetailsTest" name="allParametersSane[29: creditCard(6223830601214842) should be of type UNIONPAY]" time="0.001"/>
  <testcase classname="test.java.detectcreditcardtype.FetchCreditCardDetailsTest" name="testForCardNumber[29: creditCard(6223830601214842) should be of type UNIONPAY]" time="0"/>
  <testcase classname="test.java.detectcreditcardtype.FetchCreditCardDetailsTest" name="testForIncrementingNumbers[29: creditCard(6223830601214842) should be of type UNIONPAY]" time="0"/>
  <testcase classname="test.java.detectcreditcardtype.FetchCreditCardDetailsTest" name="allParametersSane[30: creditCard(3588720686441012) should be of type JCB]" time="0"/>
  <testcase classname="test.java.detectcreditcardtype.FetchCreditCardDetailsTest" name="testForCardNumber[30: creditCard(3588720686441012) should be of type JCB]" time="0"/>
  <testcase classname="test.java.detectcreditcardtype.FetchCreditCardDetailsTest" name="testForIncrementingNumbers[30: creditCard(3588720686441012) should be of type JCB]" time="0"/>
  <testcase classname="test.java.detectcreditcardtype.FetchCreditCardDetailsTest" name="allParametersSane[31: creditCard(3589003075247848) should be of type JCB]" time="0"/>
  <testcase classname="test.java.detectcreditcardtype.FetchCreditCardDetailsTest" name="testForCardNumber[31: creditCard(3589003075247848) should be of type JCB]" time="0"/>
  <testcase classname="test.java.detectcreditcardtype.FetchCreditCardDetailsTest" name="testForIncrementingNumbers[31: creditCard(3589003075247848) should be of type JCB]" time="0"/>
  <testcase classname="test.java.detectcreditcardtype.FetchCreditCardDetailsTest" name="allParametersSane[32: creditCard(3530822637252230) should be of type JCB]" time="0"/>
  <testcase classname="test.java.detectcreditcardtype.FetchCreditCardDetailsTest" name="testForCardNumber[32: creditCard(3530822637252230) should be of type JCB]" time="0"/>
  <testcase classname="test.java.detectcreditcardtype.FetchCreditCardDetailsTest" name="testForIncrementingNumbers[32: creditCard(3530822637252230) should be of type JCB]" time="0.001"/>
  <testcase classname="test.java.detectcreditcardtype.FetchCreditCardDetailsTest" name="allParametersSane[33: creditCard(5620763730860303) should be of type MAESTRO]" time="0.001"/>
  <testcase classname="test.java.detectcreditcardtype.FetchCreditCardDetailsTest" name="testForCardNumber[33: creditCard(5620763730860303) should be of type MAESTRO]" time="0"/>
  <testcase classname="test.java.detectcreditcardtype.FetchCreditCardDetailsTest" name="testForIncrementingNumbers[33: creditCard(5620763730860303) should be of type MAESTRO]" time="0"/>
  <testcase classname="test.java.detectcreditcardtype.FetchCreditCardDetailsTest" name="allParametersSane[34: creditCard(6856860244118336) should be of type MAESTRO]" time="0.001"/>
  <testcase classname="test.java.detectcreditcardtype.FetchCreditCardDetailsTest" name="testForCardNumber[34: creditCard(6856860244118336) should be of type MAESTRO]" time="0"/>
  <testcase classname="test.java.detectcreditcardtype.FetchCreditCardDetailsTest" name="testForIncrementingNumbers[34: creditCard(6856860244118336) should be of type MAESTRO]" time="0"/>
  <testcase classname="test.java.detectcreditcardtype.FetchCreditCardDetailsTest" name="allParametersSane[35: creditCard(6921737500626684) should be of type MAESTRO]" time="0"/>
  <testcase classname="test.java.detectcreditcardtype.FetchCreditCardDetailsTest" name="testForCardNumber[35: creditCard(6921737500626684) should be of type MAESTRO]" time="0"/>
  <testcase classname="test.java.detectcreditcardtype.FetchCreditCardDetailsTest" name="testForIncrementingNumbers[35: creditCard(6921737500626684) should be of type MAESTRO]" time="0"/>
  <testcase classname="test.java.detectcreditcardtype.FetchCreditCardDetailsTest" name="allParametersSane[36: creditCard(6) should be of type MAESTRO]" time="0.001"/>
  <testcase classname="test.java.detectcreditcardtype.FetchCreditCardDetailsTest" name="testForCardNumber[36: creditCard(6) should be of type MAESTRO]" time="0"/>
  <testcase classname="test.java.detectcreditcardtype.FetchCreditCardDetailsTest" name="testForIncrementingNumbers[36: creditCard(6) should be of type MAESTRO]" time="0"/>
  <testcase classname="test.java.detectcreditcardtype.FetchCreditCardDetailsTest" name="allParametersSane[37: creditCard(62) should be of type MAESTRO]" time="0.001"/>
  <testcase classname="test.java.detectcreditcardtype.FetchCreditCardDetailsTest" name="testForCardNumber[37: creditCard(62) should be of type MAESTRO]" time="0"/>
  <testcase classname="test.java.detectcreditcardtype.FetchCreditCardDetailsTest" name="testForIncrementingNumbers[37: creditCard(62) should be of type MAESTRO]" time="0"/>
  <testcase classname="test.java.detectcreditcardtype.FetchCreditCardDetailsTest" name="allParametersSane[38: creditCard(2721000000000004) should be of type UNKNOWN]" time="0"/>
  <testcase classname="test.java.detectcreditcardtype.FetchCreditCardDetailsTest" name="testForCardNumber[38: creditCard(2721000000000004) should be of type UNKNOWN]" time="0"/>
  <testcase classname="test.java.detectcreditcardtype.FetchCreditCardDetailsTest" name="testForIncrementingNumbers[38: creditCard(2721000000000004) should be of type UNKNOWN]" time="0"/>
  <testcase classname="test.java.detectcreditcardtype.FetchCreditCardDetailsTest" name="allParametersSane[39: creditCard() should be of type EMPTY]" time="0"/>
  <testcase classname="test.java.detectcreditcardtype.FetchCreditCardDetailsTest" name="testForCardNumber[39: creditCard() should be of type EMPTY]" time="0"/>
  <testcase classname="test.java.detectcreditcardtype.FetchCreditCardDetailsTest" name="testForIncrementingNumbers[39: creditCard() should be of type EMPTY]" time="0"/>
</testsuite>